
> lako-agency-server@1.0.0 dev
> nodemon

[33m[nodemon] 3.1.14[39m
[33m[nodemon] to restart at any time, enter `rs`[39m
[33m[nodemon] watching path(s): src\**\* prisma\**\*[39m
[33m[nodemon] watching extensions: ts,json[39m
[32m[nodemon] starting `ts-node src/server.ts`[39m
06:11:41 [[32minfo[39m] Starting Lako Admin API Server...
06:11:41 [[32minfo[39m] Database connected successfully
06:11:41 [[32minfo[39m] Redis connected
06:11:41 [[32minfo[39m] Queue initialized: email-notifications
06:11:41 [[32minfo[39m] Queue initialized: sms-notifications
06:11:41 [[32minfo[39m] Queue initialized: log-uploads
06:11:41 [[32minfo[39m] Queue initialized: renewal-reminders
06:11:41 [[32minfo[39m] Queue initialized: payment-reminders
06:11:41 [[32minfo[39m] Queue initialized: cleanup-jobs
06:11:41 [[33mwarn[39m] S3/Spaces credentials not set – file uploads to cloud disabled
06:11:41 [[32minfo[39m] Workers disabled (ENABLE_WORKERS=false)
06:11:41 [[31merror[39m] Uncaught exception {"error":"listen EADDRINUSE: address already in use :::5000","stack":"Error: listen EADDRINUSE: address already in use :::5000\n    at Server.setupListenHandle [as _listen2] (node:net:1940:16)\n    at listenInCluster (node:net:1997:12)\n    at Server.listen (node:net:2102:7)\n    at app.listen (C:\\Users\\Eddy Odhiambo\\Downloads\\Projects\\innovasure\\lako-agency\\server\\node_modules\\express\\lib\\application.js:635:24)\n    at bootstrap (C:\\Users\\Eddy Odhiambo\\Downloads\\Projects\\innovasure\\lako-agency\\server\\src\\server.ts:29:22)\n    at processTicksAndRejections (node:internal/process/task_queues:103:5)"}
[31m[nodemon] app crashed - waiting for file changes before starting...[39m
[32m[nodemon] restarting due to changes...[39m
[32m[nodemon] starting `ts-node src/server.ts`[39m
[32m[nodemon] restarting due to changes...[39m
[32m[nodemon] starting `ts-node src/server.ts`[39m
[32m[nodemon] restarting due to changes...[39m
[32m[nodemon] starting `ts-node src/server.ts`[39m
[32m[nodemon] restarting due to changes...[39m
[32m[nodemon] starting `ts-node src/server.ts`[39m
[32m[nodemon] restarting due to changes...[39m
[32m[nodemon] restarting due to changes...[39m
[32m[nodemon] starting `ts-node src/server.ts`[39m
[32m[nodemon] restarting due to changes...[39m
[32m[nodemon] starting `ts-node src/server.ts`[39m
[32m[nodemon] restarting due to changes...[39m
[32m[nodemon] restarting due to changes...[39m
[32m[nodemon] starting `ts-node src/server.ts`[39m
[32m[nodemon] restarting due to changes...[39m
[32m[nodemon] restarting due to changes...[39m
[32m[nodemon] starting `ts-node src/server.ts`[39m
[32m[nodemon] restarting due to changes...[39m
[32m[nodemon] starting `ts-node src/server.ts`[39m
[31m[nodemon] app crashed - waiting for file changes before starting...[39m
[32m[nodemon] restarting due to changes...[39m
[32m[nodemon] starting `ts-node src/server.ts`[39m
[32m[nodemon] restarting due to changes...[39m
[32m[nodemon] starting `ts-node src/server.ts`[39m
[32m[nodemon] restarting due to changes...[39m
[32m[nodemon] starting `ts-node src/server.ts`[39m
[31m[nodemon] app crashed - waiting for file changes before starting...[39m
[32m[nodemon] restarting due to changes...[39m
[32m[nodemon] starting `ts-node src/server.ts`[39m
[32m[nodemon] restarting due to changes...[39m
[32m[nodemon] restarting due to changes...[39m
[32m[nodemon] starting `ts-node src/server.ts`[39m
07:09:38 [[32minfo[39m] Starting Lako Admin API Server...
07:09:38 [[32minfo[39m] Database connected successfully
07:09:38 [[32minfo[39m] Redis connected
07:09:38 [[32minfo[39m] Queue initialized: email-notifications
07:09:38 [[32minfo[39m] Queue initialized: sms-notifications
07:09:38 [[32minfo[39m] Queue initialized: log-uploads
07:09:38 [[32minfo[39m] Queue initialized: renewal-reminders
07:09:38 [[32minfo[39m] Queue initialized: payment-reminders
07:09:38 [[32minfo[39m] Queue initialized: cleanup-jobs
07:09:38 [[33mwarn[39m] S3/Spaces credentials not set – file uploads to cloud disabled
07:09:38 [[32minfo[39m] Workers disabled (ENABLE_WORKERS=false)
07:09:38 [[32minfo[39m] Server running on port 5000 [development]
[0mGET /api/accounting/dashboard [36m304[0m 574.889 ms - -[0m
[0mGET /api/accounting/dashboard [36m304[0m 126.505 ms - -[0m
[0mGET /api/accounting/dashboard [36m304[0m 168.361 ms - -[0m
[0mGET /api/accounting/dashboard [36m304[0m 93.043 ms - -[0m
[0mGET /api/accounting/dashboard [36m304[0m 70.954 ms - -[0m
[0mGET /api/accounting/bank-accounts [32m200[0m 11.949 ms - 568[0m
[0mGET /api/accounting/mpesa-accounts [32m200[0m 13.807 ms - 905[0m
[0mGET /api/accounting/bank-accounts [36m304[0m 11.314 ms - -[0m
[0mGET /api/accounting/mpesa-accounts [36m304[0m 13.415 ms - -[0m
[0mGET /api/accounting/dashboard [36m304[0m 102.335 ms - -[0m
[0mGET /api/accounting/dashboard [36m304[0m 99.385 ms - -[0m
[0mGET /api/accounting/dashboard [36m304[0m 84.392 ms - -[0m
[0mGET /api/accounting/dashboard [36m304[0m 71.328 ms - -[0m
[0mGET /api/accounting/dashboard [36m304[0m 553.020 ms - -[0m
[0mGET /api/accounting/dashboard [36m304[0m 106.684 ms - -[0m
[0mGET /api/accounting/dashboard [36m304[0m 387.226 ms - -[0m
[0mGET /api/accounting/dashboard [36m304[0m 117.775 ms - -[0m
[0mGET /api/accounting/dashboard [36m304[0m 110.854 ms - -[0m
[0mGET /api/accounting/dashboard [36m304[0m 102.078 ms - -[0m
[0mGET /api/accounting/dashboard [36m304[0m 108.373 ms - -[0m
[0mGET /api/accounting/dashboard [36m304[0m 93.141 ms - -[0m
[0mGET /api/accounting/dashboard [36m304[0m 55.106 ms - -[0m
[0mGET /api/accounting/dashboard [36m304[0m 78.138 ms - -[0m
[0mGET /api/accounting/dashboard [36m304[0m 61.645 ms - -[0m
[0mGET /api/accounting/dashboard [36m304[0m 56.062 ms - -[0m
[0mGET /api/accounting/dashboard [36m304[0m 66.407 ms - -[0m
[0mGET /api/accounting/dashboard [36m304[0m 58.361 ms - -[0m
[0mGET /api/accounting/dashboard [36m304[0m 109.488 ms - -[0m
[0mGET /api/accounting/dashboard [36m304[0m 70.897 ms - -[0m
[0mGET /api/accounting/dashboard [36m304[0m 80.874 ms - -[0m
[0mGET /api/accounting/dashboard [36m304[0m 98.477 ms - -[0m
[0mGET /api/accounting/dashboard [36m304[0m 81.983 ms - -[0m
[0mGET /api/accounting/dashboard [36m304[0m 69.579 ms - -[0m
[0mGET /api/accounting/dashboard [36m304[0m 70.247 ms - -[0m
[0mGET /api/accounting/dashboard [36m304[0m 74.383 ms - -[0m
[0mGET /api/accounting/dashboard [36m304[0m 269.658 ms - -[0m
[0mGET /api/accounting/dashboard [36m304[0m 94.408 ms - -[0m
[0mGET /api/accounting/dashboard [36m304[0m 75.534 ms - -[0m
[0mGET /api/accounting/dashboard [36m304[0m 70.297 ms - -[0m
[0mGET /api/accounting/dashboard [36m304[0m 625.420 ms - -[0m
[0mGET /api/accounting/dashboard [36m304[0m 142.689 ms - -[0m
[0mGET /api/accounting/dashboard [36m304[0m 137.933 ms - -[0m
[0mGET /api/accounting/dashboard [36m304[0m 128.625 ms - -[0m
[0mGET /api/accounting/dashboard [36m304[0m 732.175 ms - -[0m
[0mGET /api/accounting/dashboard [36m304[0m 147.639 ms - -[0m
[0mGET /api/accounting/dashboard [36m304[0m 291.117 ms - -[0m
[0mGET /api/accounting/dashboard [36m304[0m 171.401 ms - -[0m
[0mGET /api/accounting/dashboard [36m304[0m 144.110 ms - -[0m
[0mGET /api/accounting/dashboard [36m304[0m 170.781 ms - -[0m
[0mGET /api/tasks?page=1&limit=20 [36m304[0m 61.274 ms - -[0m
[0mGET /api/tasks?page=1&limit=20 [36m304[0m 32.873 ms - -[0m
[0mGET /api/tasks?page=1 [36m304[0m 11.545 ms - -[0m
[0mGET /api/clients?page=1&limit=20 [36m304[0m 54.968 ms - -[0m
[0mGET /api/clients?page=1&limit=20 [36m304[0m 36.975 ms - -[0m
[0mGET /api/clients?page=1 [36m304[0m 9.983 ms - -[0m
[0mGET /api/leads?page=1&limit=1 [36m304[0m 12.546 ms - -[0m
[0mGET /api/leads?page=1&limit=1 [36m304[0m 15.352 ms - -[0m
[0mGET /api/leads?page=1&limit=30&status=NEW [32m200[0m 25.028 ms - 1766[0m
[0mGET /api/leads?page=1&limit=30&status=PROPOSAL_SENT [32m200[0m 18.513 ms - 1042[0m
[0mGET /api/leads?page=1&limit=30&status=NEGOTIATING [36m304[0m 14.428 ms - -[0m
[0mGET /api/leads?page=1&limit=30&status=NEW [36m304[0m 19.206 ms - -[0m
[0mGET /api/leads?page=1&limit=30&status=NEGOTIATING [36m304[0m 16.558 ms - -[0m
[0mGET /api/leads?page=1&limit=30&status=LOST [36m304[0m 13.657 ms - -[0m
[0mGET /api/leads?page=1&limit=30&status=WON [36m304[0m 43.780 ms - -[0m
[0mGET /api/leads?page=1&limit=30&status=PROPOSAL_SENT [36m304[0m 41.727 ms - -[0m
[0mGET /api/leads?page=1&limit=30&status=LOST [36m304[0m 16.202 ms - -[0m
[0mGET /api/leads?page=1&limit=30&status=WON [36m304[0m 14.458 ms - -[0m
[0mGET /api/insurers?page=1&limit=24&search= [36m304[0m 27.703 ms - -[0m
[0mGET /api/insurers?page=1&limit=24&search= [36m304[0m 31.022 ms - -[0m
[0mGET /api/insurers?limit=100&status=ACTIVE [36m304[0m 10.512 ms - -[0m
[0mGET /api/insurers?limit=100&status=ACTIVE [36m304[0m 9.556 ms - -[0m
[0mGET /api/products?page=1&limit=20&search= [36m304[0m 42.723 ms - -[0m
[0mGET /api/products?page=1&limit=20&search= [36m304[0m 24.662 ms - -[0m
[0mGET /api/products/aad9c3a8-a0b9-4471-9e8b-556f7132976e [32m200[0m 17.888 ms - 1141[0m
[0mGET /api/insurers?page=1&limit=24&search= [36m304[0m 15.184 ms - -[0m
[0mGET /api/insurers?page=1&limit=24&search= [36m304[0m 9.339 ms - -[0m
[0mGET /api/insurers/93b43d12-6deb-4fa9-ae99-e922debea9b3/contacts [36m304[0m 9.385 ms - -[0m
[0mGET /api/insurers/93b43d12-6deb-4fa9-ae99-e922debea9b3/products [32m200[0m 15.770 ms - 46[0m
[0mGET /api/renewals?daysAhead=30&page=1&limit=50 [36m304[0m 13.492 ms - -[0m
[0mGET /api/renewals?daysAhead=30&page=1&limit=50 [36m304[0m 9.297 ms - -[0m
[0mGET /api/payments/stats [36m304[0m 40.848 ms - -[0m
[0mGET /api/payments/stats [36m304[0m 22.630 ms - -[0m
[0mGET /api/payments?page=1&limit=20 [32m200[0m 96.846 ms - 2529[0m
[0mGET /api/payments?page=1&limit=20 [36m304[0m 32.413 ms - -[0m
[0mGET /api/payments/direct-insurer?limit=100 [32m200[0m 24.562 ms - 156[0m
[0mGET /api/payments/direct-insurer?limit=100 [36m304[0m 6.135 ms - -[0m
[0mGET /api/payments/stats [36m304[0m 15.270 ms - -[0m
[0mGET /api/payments?page=1&limit=20 [36m304[0m 22.060 ms - -[0m
[0mGET /api/payments/stats [36m304[0m 15.348 ms - -[0m
[0mGET /api/payments?page=1&limit=20 [36m304[0m 17.832 ms - -[0m
[0mGET /api/renewals?daysAhead=30&page=1&limit=50 [36m304[0m 14.930 ms - -[0m
[0mGET /api/renewals?daysAhead=30&page=1&limit=50 [36m304[0m 11.269 ms - -[0m
[0mGET /api/insurers?page=1&limit=24&search= [36m304[0m 26.035 ms - -[0m
[0mGET /api/insurers?page=1&limit=24&search= [36m304[0m 7.699 ms - -[0m
[0mGET /api/insurers?limit=100&status=ACTIVE [36m304[0m 15.108 ms - -[0m
[0mGET /api/insurers?limit=100&status=ACTIVE [36m304[0m 9.878 ms - -[0m
[0mGET /api/products?page=1&limit=20&search= [36m304[0m 35.611 ms - -[0m
[0mGET /api/products?page=1&limit=20&search= [36m304[0m 24.936 ms - -[0m
[0mGET /api/insurers?page=1&limit=24&search= [36m304[0m 11.149 ms - -[0m
[0mGET /api/insurers?page=1&limit=24&search= [36m304[0m 10.641 ms - -[0m
[0mGET /api/accounting/bank-accounts [36m304[0m 8.798 ms - -[0m
[0mGET /api/accounting/mpesa-accounts [36m304[0m 18.575 ms - -[0m
[0mGET /api/accounting/bank-accounts [36m304[0m 8.198 ms - -[0m
[0mGET /api/accounting/mpesa-accounts [36m304[0m 13.086 ms - -[0m
[0mGET /api/insurers?page=1&limit=24&search= [36m304[0m 420.156 ms - -[0m
[0mGET /api/insurers?page=1&limit=24&search= [36m304[0m 22.801 ms - -[0m
[0mGET /api/insurers/2b925624-f926-417e-bc44-ff0055a67e7b/contacts [36m304[0m 9.398 ms - -[0m
[0mGET /api/accounting/bank-accounts [36m304[0m 33.883 ms - -[0m
[0mGET /api/accounting/mpesa-accounts [36m304[0m 32.934 ms - -[0m
[0mGET /api/accounting/bank-accounts [36m304[0m 15.016 ms - -[0m
[0mGET /api/accounting/mpesa-accounts [36m304[0m 18.954 ms - -[0m
[0mGET /api/accounting/dashboard [36m304[0m 597.312 ms - -[0m
[0mGET /api/accounting/dashboard [36m304[0m 98.176 ms - -[0m
[0mGET /api/accounting/bank-accounts [36m304[0m 5.214 ms - -[0m
[0mGET /api/accounting/mpesa-accounts [36m304[0m 10.075 ms - -[0m
[0mGET /api/accounting/bank-accounts [36m304[0m 8.585 ms - -[0m
[0mGET /api/accounting/mpesa-accounts [36m304[0m 13.173 ms - -[0m
[0mGET /api/accounting/transactions?limit=100 [32m200[0m 80.294 ms - 185365[0m
[0mGET /api/accounting/transactions?limit=100 [36m304[0m 67.715 ms - -[0m
[0mGET /api/accounting/transactions/82152892-d937-491f-b181-adb020ed91a3/reversal-preview?voidSourceRecord=true [32m200[0m 61.210 ms - 1256[0m
[0mGET /api/insurers?page=1&limit=24&search= [36m304[0m 30.670 ms - -[0m
[0mGET /api/insurers?page=1&limit=24&search= [36m304[0m 22.903 ms - -[0m
[0mGET /api/insurers?limit=100&status=ACTIVE [36m304[0m 15.380 ms - -[0m
[0mGET /api/insurers?limit=100&status=ACTIVE [36m304[0m 11.510 ms - -[0m
[0mGET /api/products?page=1&limit=20&search= [36m304[0m 64.959 ms - -[0m
[0mGET /api/products?page=1&limit=20&search= [36m304[0m 59.752 ms - -[0m
[0mGET /api/products?page=1&limit=20&search= [36m304[0m 342.288 ms - -[0m
[0mGET /api/products?page=1&limit=20&search= [36m304[0m 66.016 ms - -[0m
[0mGET /api/insurers?limit=100&status=ACTIVE [36m304[0m 461.987 ms - -[0m
[0mGET /api/insurers?limit=100&status=ACTIVE [36m304[0m 10.149 ms - -[0m
08:56:25 [[34mdebug[39m] Token verification failed {"error":"jwt expired"}
[0mPOST /api/products [33m401[0m 12.314 ms - 54[0m
[0mPOST /api/auth/refresh [33m401[0m 129.036 ms - 51[0m
[0mPOST /api/products [33m401[0m 0.364 ms - 47[0m
[0mPOST /api/products [33m401[0m 0.295 ms - 47[0m
[0mGET /api/insurers?page=1&limit=24&search= [33m401[0m 3.929 ms - 47[0m
[0mGET /api/insurers?page=1&limit=24&search= [33m401[0m 0.283 ms - 47[0m
[0mGET /api/leads?page=1&limit=1 [33m401[0m 0.588 ms - 47[0m
[0mGET /api/leads?page=1&limit=1 [33m401[0m 0.368 ms - 47[0m
[0mGET /api/leads?page=1&limit=30&status=NEW [33m401[0m 0.293 ms - 47[0m
[0mGET /api/leads?page=1&limit=30&status=PROPOSAL_SENT [33m401[0m 0.535 ms - 47[0m
[0mGET /api/leads?page=1&limit=30&status=NEGOTIATING [33m401[0m 0.668 ms - 47[0m
[0mGET /api/leads?page=1&limit=30&status=WON [33m401[0m 0.468 ms - 47[0m
[0mGET /api/leads?page=1&limit=30&status=LOST [33m401[0m 0.326 ms - 47[0m
[0mGET /api/leads?page=1&limit=30&status=NEW [33m401[0m 0.263 ms - 47[0m
[0mGET /api/leads?page=1&limit=30&status=PROPOSAL_SENT [33m401[0m 0.256 ms - 47[0m
[0mGET /api/leads?page=1&limit=30&status=NEGOTIATING [33m401[0m 0.725 ms - 47[0m
[0mGET /api/leads?page=1&limit=30&status=WON [33m401[0m 0.475 ms - 47[0m
[0mGET /api/leads?page=1&limit=30&status=LOST [33m401[0m 0.243 ms - 47[0m
[0mGET /api/leads?page=1&limit=1 [33m401[0m 0.457 ms - 47[0m
[0mGET /api/leads?page=1&limit=1 [33m401[0m 0.199 ms - 47[0m
[0mGET /api/leads?page=1&limit=30&status=NEW [33m401[0m 0.255 ms - 47[0m
[0mGET /api/leads?page=1&limit=30&status=PROPOSAL_SENT [33m401[0m 0.236 ms - 47[0m
[0mGET /api/leads?page=1&limit=30&status=NEGOTIATING [33m401[0m 0.342 ms - 47[0m
[0mGET /api/leads?page=1&limit=30&status=WON [33m401[0m 0.270 ms - 47[0m
[0mGET /api/leads?page=1&limit=30&status=LOST [33m401[0m 0.286 ms - 47[0m
[0mGET /api/leads?page=1&limit=30&status=NEW [33m401[0m 0.240 ms - 47[0m
[0mGET /api/leads?page=1&limit=30&status=PROPOSAL_SENT [33m401[0m 0.264 ms - 47[0m
[0mGET /api/leads?page=1&limit=30&status=NEGOTIATING [33m401[0m 0.322 ms - 47[0m
[0mGET /api/leads?page=1&limit=30&status=WON [33m401[0m 0.252 ms - 47[0m
[0mGET /api/leads?page=1&limit=30&status=LOST [33m401[0m 0.426 ms - 47[0m
[0mGET /api/leads?page=1&limit=1 [33m401[0m 0.304 ms - 47[0m
[0mGET /api/leads?page=1&limit=1 [33m401[0m 0.241 ms - 47[0m
[0mGET /api/leads?page=1&limit=30&status=NEW [33m401[0m 0.393 ms - 47[0m
[0mGET /api/leads?page=1&limit=30&status=PROPOSAL_SENT [33m401[0m 0.312 ms - 47[0m
[0mGET /api/leads?page=1&limit=30&status=NEGOTIATING [33m401[0m 0.386 ms - 47[0m
[0mGET /api/leads?page=1&limit=30&status=WON [33m401[0m 0.253 ms - 47[0m
[0mGET /api/leads?page=1&limit=30&status=LOST [33m401[0m 0.246 ms - 47[0m
[0mGET /api/leads?page=1&limit=30&status=NEW [33m401[0m 0.212 ms - 47[0m
[0mGET /api/leads?page=1&limit=30&status=PROPOSAL_SENT [33m401[0m 0.258 ms - 47[0m
[0mGET /api/leads?page=1&limit=30&status=NEGOTIATING [33m401[0m 0.336 ms - 47[0m
[0mGET /api/leads?page=1&limit=30&status=WON [33m401[0m 0.276 ms - 47[0m
[0mGET /api/leads?page=1&limit=30&status=LOST [33m401[0m 0.206 ms - 47[0m
[0mGET /api/leads?page=1&limit=1 [33m401[0m 0.240 ms - 47[0m
[0mGET /api/leads?page=1&limit=1 [33m401[0m 0.227 ms - 47[0m
[0mGET /api/leads?page=1&limit=30&status=NEW [33m401[0m 0.298 ms - 47[0m
[0mGET /api/leads?page=1&limit=30&status=PROPOSAL_SENT [33m401[0m 0.264 ms - 47[0m
[0mGET /api/leads?page=1&limit=30&status=NEGOTIATING [33m401[0m 0.238 ms - 47[0m
[0mGET /api/leads?page=1&limit=30&status=WON [33m401[0m 0.234 ms - 47[0m
[0mGET /api/leads?page=1&limit=30&status=LOST [33m401[0m 0.253 ms - 47[0m
[0mGET /api/leads?page=1&limit=30&status=NEW [33m401[0m 0.305 ms - 47[0m
[0mGET /api/leads?page=1&limit=30&status=PROPOSAL_SENT [33m401[0m 0.280 ms - 47[0m
[0mGET /api/leads?page=1&limit=30&status=NEGOTIATING [33m401[0m 0.423 ms - 47[0m
[0mGET /api/leads?page=1&limit=30&status=WON [33m401[0m 0.230 ms - 47[0m
[0mGET /api/leads?page=1&limit=30&status=LOST [33m401[0m 0.251 ms - 47[0m
[0mGET /api/leads?page=1&limit=1 [33m401[0m 0.272 ms - 47[0m
[0mGET /api/leads?page=1&limit=1 [33m401[0m 0.422 ms - 47[0m
[0mGET /api/leads?page=1&limit=30&status=NEW [33m401[0m 0.332 ms - 47[0m
[0mGET /api/leads?page=1&limit=30&status=PROPOSAL_SENT [33m401[0m 0.289 ms - 47[0m
[0mGET /api/leads?page=1&limit=30&status=NEGOTIATING [33m401[0m 0.449 ms - 47[0m
[0mGET /api/leads?page=1&limit=30&status=WON [33m401[0m 0.265 ms - 47[0m
[0mGET /api/leads?page=1&limit=30&status=LOST [33m401[0m 0.266 ms - 47[0m
[0mGET /api/leads?page=1&limit=30&status=NEW [33m401[0m 0.334 ms - 47[0m
[0mGET /api/leads?page=1&limit=30&status=PROPOSAL_SENT [33m401[0m 0.285 ms - 47[0m
[0mGET /api/leads?page=1&limit=30&status=NEGOTIATING [33m401[0m 0.199 ms - 47[0m
[0mGET /api/leads?page=1&limit=30&status=WON [33m401[0m 0.382 ms - 47[0m
[0mGET /api/leads?page=1&limit=30&status=LOST [33m401[0m 0.338 ms - 47[0m
[0mGET /api/leads?page=1&limit=1 [33m401[0m 0.182 ms - 47[0m
[0mGET /api/leads?page=1&limit=1 [33m401[0m 0.261 ms - 47[0m
[0mGET /api/leads?page=1&limit=30&status=NEW [33m401[0m 0.175 ms - 47[0m
[0mGET /api/leads?page=1&limit=30&status=PROPOSAL_SENT [33m401[0m 0.244 ms - 47[0m
[0mGET /api/leads?page=1&limit=30&status=NEGOTIATING [33m401[0m 0.253 ms - 47[0m
[0mGET /api/leads?page=1&limit=30&status=WON [33m401[0m 0.251 ms - 47[0m
[0mGET /api/leads?page=1&limit=30&status=LOST [33m401[0m 0.254 ms - 47[0m
[0mGET /api/leads?page=1&limit=30&status=NEW [33m401[0m 0.262 ms - 47[0m
[0mGET /api/leads?page=1&limit=30&status=PROPOSAL_SENT [33m401[0m 0.275 ms - 47[0m
[0mGET /api/leads?page=1&limit=30&status=NEGOTIATING [33m401[0m 0.236 ms - 47[0m
[0mGET /api/leads?page=1&limit=30&status=WON [33m401[0m 0.197 ms - 47[0m
[0mGET /api/leads?page=1&limit=30&status=LOST [33m401[0m 0.257 ms - 47[0m
[0mGET /api/leads?page=1&limit=1 [33m401[0m 0.250 ms - 47[0m
[0mGET /api/leads?page=1&limit=1 [33m401[0m 0.361 ms - 47[0m
[0mGET /api/leads?page=1&limit=30&status=NEW [33m401[0m 0.204 ms - 47[0m
[0mGET /api/leads?page=1&limit=30&status=PROPOSAL_SENT [33m401[0m 0.355 ms - 47[0m
[0mGET /api/leads?page=1&limit=30&status=NEGOTIATING [33m401[0m 0.282 ms - 47[0m
[0mGET /api/leads?page=1&limit=30&status=WON [33m401[0m 0.255 ms - 47[0m
[0mGET /api/leads?page=1&limit=30&status=LOST [33m401[0m 0.328 ms - 47[0m
[0mGET /api/leads?page=1&limit=30&status=NEW [33m401[0m 0.275 ms - 47[0m
[0mGET /api/leads?page=1&limit=30&status=PROPOSAL_SENT [33m401[0m 0.170 ms - 47[0m
[0mGET /api/leads?page=1&limit=30&status=NEGOTIATING [33m401[0m 0.319 ms - 47[0m
[0mGET /api/leads?page=1&limit=30&status=WON [33m401[0m 0.228 ms - 47[0m
[0mGET /api/leads?page=1&limit=30&status=LOST [33m401[0m 0.262 ms - 47[0m
[0mGET /api/leads?page=1&limit=1 [33m401[0m 0.328 ms - 47[0m
[0mGET /api/leads?page=1&limit=1 [33m401[0m 0.165 ms - 47[0m
[0mGET /api/leads?page=1&limit=30&status=NEW [33m401[0m 0.318 ms - 47[0m
[0mGET /api/leads?page=1&limit=30&status=PROPOSAL_SENT [33m401[0m 0.248 ms - 47[0m
[0mGET /api/leads?page=1&limit=30&status=NEGOTIATING [33m401[0m 2.762 ms - 47[0m
[0mGET /api/leads?page=1&limit=30&status=WON [33m401[0m 0.492 ms - 47[0m
[0mGET /api/leads?page=1&limit=30&status=LOST [33m401[0m 0.354 ms - 47[0m
[0mGET /api/leads?page=1&limit=30&status=NEW [33m401[0m 0.636 ms - 47[0m
[0mGET /api/leads?page=1&limit=30&status=PROPOSAL_SENT [33m401[0m 0.597 ms - 47[0m
[0mGET /api/leads?page=1&limit=30&status=NEGOTIATING [33m401[0m 0.247 ms - 47[0m
[0mGET /api/leads?page=1&limit=30&status=WON [33m401[0m 0.237 ms - 47[0m
[0mGET /api/leads?page=1&limit=30&status=LOST [33m401[0m 0.227 ms - 47[0m
[0mGET /api/leads?page=1&limit=1 [33m401[0m 0.246 ms - 47[0m
[0mGET /api/leads?page=1&limit=1 [33m401[0m 0.184 ms - 47[0m
[0mGET /api/leads?page=1&limit=30&status=NEW [33m401[0m 0.262 ms - 47[0m
[0mGET /api/leads?page=1&limit=30&status=PROPOSAL_SENT [33m401[0m 0.269 ms - 47[0m
[0mGET /api/leads?page=1&limit=30&status=NEGOTIATING [33m401[0m 0.330 ms - 47[0m
[0mGET /api/leads?page=1&limit=30&status=WON [33m401[0m 0.269 ms - 47[0m
[0mGET /api/leads?page=1&limit=30&status=LOST [33m401[0m 0.297 ms - 47[0m
[0mGET /api/leads?page=1&limit=30&status=NEW [33m401[0m 0.197 ms - 47[0m
[0mGET /api/leads?page=1&limit=30&status=PROPOSAL_SENT [33m401[0m 0.355 ms - 47[0m
[0mGET /api/leads?page=1&limit=30&status=NEGOTIATING [33m401[0m 0.395 ms - 47[0m
[0mGET /api/leads?page=1&limit=30&status=WON [33m401[0m 0.293 ms - 47[0m
[0mGET /api/leads?page=1&limit=30&status=LOST [33m401[0m 0.410 ms - 47[0m
[0mGET /api/leads?page=1&limit=1 [33m401[0m 0.678 ms - 47[0m
[0mGET /api/leads?page=1&limit=1 [33m401[0m 0.268 ms - 47[0m
[0mGET /api/leads?page=1&limit=30&status=NEW [33m401[0m 0.271 ms - 47[0m
[0mGET /api/leads?page=1&limit=30&status=PROPOSAL_SENT [33m401[0m 0.449 ms - 47[0m
[0mGET /api/leads?page=1&limit=30&status=NEGOTIATING [33m401[0m 0.573 ms - 47[0m
[0mGET /api/leads?page=1&limit=30&status=WON [33m401[0m 0.219 ms - 47[0m
[0mGET /api/leads?page=1&limit=30&status=LOST [33m401[0m 0.299 ms - 47[0m
[0mGET /api/leads?page=1&limit=30&status=NEW [33m401[0m 0.173 ms - 47[0m
[0mGET /api/leads?page=1&limit=30&status=PROPOSAL_SENT [33m401[0m 0.207 ms - 47[0m
[0mGET /api/leads?page=1&limit=30&status=NEGOTIATING [33m401[0m 0.171 ms - 47[0m
[0mGET /api/leads?page=1&limit=30&status=WON [33m401[0m 0.231 ms - 47[0m
[0mGET /api/leads?page=1&limit=30&status=LOST [33m401[0m 0.268 ms - 47[0m
[0mGET /api/leads?page=1&limit=1 [33m401[0m 0.413 ms - 47[0m
[0mGET /api/leads?page=1&limit=1 [33m401[0m 0.214 ms - 47[0m
[0mGET /api/leads?page=1&limit=30&status=NEW [33m401[0m 0.300 ms - 47[0m
[0mGET /api/leads?page=1&limit=30&status=PROPOSAL_SENT [33m401[0m 0.217 ms - 47[0m
[0mGET /api/leads?page=1&limit=30&status=NEGOTIATING [33m401[0m 0.457 ms - 47[0m
[0mGET /api/leads?page=1&limit=30&status=WON [33m401[0m 0.246 ms - 47[0m
[0mGET /api/leads?page=1&limit=30&status=LOST [33m401[0m 0.267 ms - 47[0m
[0mGET /api/leads?page=1&limit=30&status=NEW [33m401[0m 0.320 ms - 47[0m
[0mGET /api/leads?page=1&limit=30&status=PROPOSAL_SENT [33m401[0m 0.280 ms - 47[0m
[0mGET /api/leads?page=1&limit=30&status=NEGOTIATING [33m401[0m 0.576 ms - 47[0m
[0mGET /api/leads?page=1&limit=30&status=WON [33m401[0m 0.330 ms - 47[0m
[0mGET /api/leads?page=1&limit=30&status=LOST [33m401[0m 0.219 ms - 47[0m
[0mGET /api/leads?page=1&limit=1 [33m401[0m 0.212 ms - 47[0m
[0mGET /api/leads?page=1&limit=1 [33m401[0m 0.231 ms - 47[0m
[0mGET /api/leads?page=1&limit=30&status=NEW [33m401[0m 0.248 ms - 47[0m
[0mGET /api/leads?page=1&limit=30&status=PROPOSAL_SENT [33m401[0m 0.397 ms - 47[0m
[0mGET /api/leads?page=1&limit=30&status=NEGOTIATING [33m401[0m 0.348 ms - 47[0m
[0mGET /api/leads?page=1&limit=30&status=WON [33m401[0m 0.272 ms - 47[0m
[0mGET /api/leads?page=1&limit=30&status=LOST [33m401[0m 0.250 ms - 47[0m
[0mGET /api/leads?page=1&limit=30&status=NEW [33m401[0m 0.275 ms - 47[0m
[0mGET /api/leads?page=1&limit=30&status=PROPOSAL_SENT [33m401[0m 0.357 ms - 47[0m
[0mGET /api/leads?page=1&limit=30&status=NEGOTIATING [33m401[0m 0.342 ms - 47[0m
[0mGET /api/leads?page=1&limit=30&status=WON [33m401[0m 0.847 ms - 47[0m
[0mGET /api/leads?page=1&limit=30&status=LOST [33m401[0m 0.339 ms - 47[0m
[0mGET /api/leads?page=1&limit=1 [33m401[0m 0.238 ms - 47[0m
[0mGET /api/leads?page=1&limit=1 [33m401[0m 0.224 ms - 47[0m
[0mGET /api/leads?page=1&limit=30&status=NEW [33m401[0m 0.311 ms - 47[0m
[0mGET /api/leads?page=1&limit=30&status=PROPOSAL_SENT [33m401[0m 0.291 ms - 47[0m
[0mGET /api/leads?page=1&limit=30&status=NEGOTIATING [33m401[0m 0.301 ms - 47[0m
[0mGET /api/leads?page=1&limit=30&status=WON [33m401[0m 0.591 ms - 47[0m
[0mGET /api/leads?page=1&limit=30&status=LOST [33m401[0m 0.312 ms - 47[0m
[0mGET /api/leads?page=1&limit=30&status=NEW [33m401[0m 0.291 ms - 47[0m
[0mGET /api/leads?page=1&limit=30&status=PROPOSAL_SENT [33m401[0m 0.405 ms - 47[0m
[0mGET /api/leads?page=1&limit=30&status=NEGOTIATING [33m401[0m 0.256 ms - 47[0m
[0mGET /api/leads?page=1&limit=30&status=WON [33m401[0m 0.266 ms - 47[0m
[0mGET /api/leads?page=1&limit=30&status=LOST [33m401[0m 0.248 ms - 47[0m
[0mGET /api/leads?page=1&limit=1 [33m401[0m 0.242 ms - 47[0m
[0mGET /api/leads?page=1&limit=1 [33m401[0m 0.237 ms - 47[0m
[0mGET /api/leads?page=1&limit=30&status=NEW [33m401[0m 0.343 ms - 47[0m
[0mGET /api/leads?page=1&limit=30&status=PROPOSAL_SENT [33m401[0m 0.194 ms - 47[0m
[0mGET /api/leads?page=1&limit=30&status=NEGOTIATING [33m401[0m 0.237 ms - 47[0m
[0mGET /api/leads?page=1&limit=30&status=WON [33m401[0m 1.070 ms - 47[0m
[0mGET /api/leads?page=1&limit=30&status=LOST [33m401[0m 0.204 ms - 47[0m
[0mGET /api/leads?page=1&limit=30&status=NEW [33m401[0m 0.257 ms - 47[0m
[0mGET /api/leads?page=1&limit=30&status=PROPOSAL_SENT [33m401[0m 0.246 ms - 47[0m
[0mGET /api/leads?page=1&limit=30&status=NEGOTIATING [33m401[0m 0.232 ms - 47[0m
[0mGET /api/leads?page=1&limit=30&status=WON [33m401[0m 0.245 ms - 47[0m
[0mGET /api/leads?page=1&limit=30&status=LOST [33m401[0m 0.249 ms - 47[0m
[0mGET /api/clients?page=1&limit=20 [33m401[0m 0.488 ms - 47[0m
[0mGET /api/clients?page=1&limit=20 [33m401[0m 0.270 ms - 47[0m
[0mGET /api/tasks?page=1&limit=20 [33m401[0m 0.390 ms - 47[0m
[0mGET /api/tasks?page=1&limit=20 [33m401[0m 0.292 ms - 47[0m
[31m[nodemon] app crashed - waiting for file changes before starting...[39m
[32m[nodemon] restarting due to changes...[39m
[32m[nodemon] starting `ts-node src/server.ts`[39m
[32m[nodemon] restarting due to changes...[39m
[32m[nodemon] starting `ts-node src/server.ts`[39m
[32m[nodemon] restarting due to changes...[39m
[32m[nodemon] starting `ts-node src/server.ts`[39m
[32m[nodemon] restarting due to changes...[39m
[32m[nodemon] restarting due to changes...[39m
[32m[nodemon] starting `ts-node src/server.ts`[39m
[32m[nodemon] restarting due to changes...[39m
[32m[nodemon] restarting due to changes...[39m
[32m[nodemon] starting `ts-node src/server.ts`[39m
[32m[nodemon] restarting due to changes...[39m
[32m[nodemon] starting `ts-node src/server.ts`[39m
[32m[nodemon] restarting due to changes...[39m
[32m[nodemon] restarting due to changes...[39m
[32m[nodemon] starting `ts-node src/server.ts`[39m
[32m[nodemon] restarting due to changes...[39m
[32m[nodemon] starting `ts-node src/server.ts`[39m
12:55:24 [[32minfo[39m] Starting Lako Admin API Server...
12:55:25 [[32minfo[39m] Database connected successfully
12:55:25 [[32minfo[39m] Redis connected
12:55:25 [[32minfo[39m] Queue initialized: email-notifications
12:55:25 [[32minfo[39m] Queue initialized: sms-notifications
12:55:25 [[32minfo[39m] Queue initialized: log-uploads
12:55:25 [[32minfo[39m] Queue initialized: renewal-reminders
12:55:25 [[32minfo[39m] Queue initialized: payment-reminders
12:55:25 [[32minfo[39m] Queue initialized: cleanup-jobs
12:55:25 [[33mwarn[39m] S3/Spaces credentials not set – file uploads to cloud disabled
12:55:25 [[32minfo[39m] Workers disabled (ENABLE_WORKERS=false)
12:55:25 [[32minfo[39m] Server running on port 5000 [development]
[0mGET /api/accounting/mpesa-accounts [36m304[0m 422.513 ms - -[0m
[0mGET /api/accounting/bank-accounts [36m304[0m 1476.131 ms - -[0m
[0mGET /api/accounting/mpesa-accounts [36m304[0m 12.092 ms - -[0m
[0mGET /api/accounting/bank-accounts [36m304[0m 10.909 ms - -[0m
[0mGET /api/accounting/mpesa-accounts [36m304[0m 13.547 ms - -[0m
[0mGET /api/accounting/bank-accounts [36m304[0m 22.841 ms - -[0m
[0mGET /api/accounting/bank-accounts [36m304[0m 37.139 ms - -[0m
[0mGET /api/accounting/mpesa-accounts [36m304[0m 9.483 ms - -[0m
[0mGET /api/accounting/bank-accounts [36m304[0m 19.877 ms - -[0m
[0mGET /api/accounting/mpesa-accounts [36m304[0m 11.753 ms - -[0m
[0mGET /api/accounting/bank-accounts [36m304[0m 12.916 ms - -[0m
[0mGET /api/accounting/mpesa-accounts [36m304[0m 19.243 ms - -[0m
[0mGET /api/accounting/bank-accounts [36m304[0m 9.535 ms - -[0m
[0mGET /api/accounting/mpesa-accounts [36m304[0m 12.074 ms - -[0m
[0mGET /api/accounting/bank-accounts [36m304[0m 10.110 ms - -[0m
[0mGET /api/accounting/mpesa-accounts [36m304[0m 12.628 ms - -[0m
[0mGET /api/accounting/bank-accounts [36m304[0m 7.592 ms - -[0m
[0mGET /api/accounting/mpesa-accounts [36m304[0m 12.536 ms - -[0m
[0mGET /api/accounting/bank-accounts [36m304[0m 8.656 ms - -[0m
[0mGET /api/accounting/mpesa-accounts [36m304[0m 9.144 ms - -[0m
[0mGET /api/accounting/bank-accounts [36m304[0m 8.842 ms - -[0m
[0mGET /api/accounting/mpesa-accounts [36m304[0m 12.691 ms - -[0m
[0mGET /api/accounting/bank-accounts [36m304[0m 15.594 ms - -[0m
[0mGET /api/accounting/mpesa-accounts [36m304[0m 15.930 ms - -[0m
[0mGET /api/accounting/bank-accounts [36m304[0m 7.544 ms - -[0m
[0mGET /api/accounting/mpesa-accounts [36m304[0m 12.444 ms - -[0m
[0mGET /api/accounting/bank-accounts [36m304[0m 8.667 ms - -[0m
[0mGET /api/accounting/mpesa-accounts [36m304[0m 6.119 ms - -[0m
[0mGET /api/accounting/bank-accounts [36m304[0m 19.101 ms - -[0m
[0mGET /api/accounting/mpesa-accounts [36m304[0m 9.981 ms - -[0m
[0mGET /api/accounting/bank-accounts [36m304[0m 10.844 ms - -[0m
[0mGET /api/accounting/mpesa-accounts [36m304[0m 12.447 ms - -[0m
[0mGET /api/accounting/bank-accounts [36m304[0m 155.198 ms - -[0m
[0mGET /api/accounting/mpesa-accounts [36m304[0m 163.122 ms - -[0m
[0mGET /api/accounting/reconciliation/approvals/pending [32m200[0m 35.461 ms - 960[0m
[0mGET /api/accounting/reconciliation/approvals/pending [36m304[0m 5.477 ms - -[0m
[0mGET /api/accounting/reconciliation/reopen-approvals/pending [32m200[0m 226.945 ms - 46[0m
[0mGET /api/accounting/reconciliation/statements [32m200[0m 284.436 ms - 450965[0m
[0mGET /api/accounting/reconciliation/reopen-approvals/pending [36m304[0m 30.353 ms - -[0m
[0mGET /api/accounting/reconciliation/statements [36m304[0m 150.096 ms - -[0m
[0mGET /api/accounting/bank-accounts [36m304[0m 62.413 ms - -[0m
[0mGET /api/accounting/mpesa-accounts [36m304[0m 38.461 ms - -[0m
[0mGET /api/accounting/bank-accounts [36m304[0m 8.078 ms - -[0m
[0mGET /api/accounting/bank-accounts [36m304[0m 6.318 ms - -[0m
[0mGET /api/accounting/mpesa-accounts [36m304[0m 4.774 ms - -[0m
[0mGET /api/accounting/mpesa-accounts [36m304[0m 6.550 ms - -[0m
[0mGET /api/accounting/transactions?limit=100 [36m304[0m 59.971 ms - -[0m
[0mGET /api/accounting/transactions?limit=100 [36m304[0m 58.244 ms - -[0m
14:29:12 [[31merror[39m] Unhandled error Finance transaction has no journal entry to reverse {"stack":"Error: Finance transaction has no journal entry to reverse\n    at Object.getFinanceTransactionReversalPreview (C:\\Users\\Eddy Odhiambo\\Downloads\\Projects\\innovasure\\lako-agency\\server\\src\\modules\\accounting\\accounting.service.ts:1333:28)\n    at async financeTransactionReversalPreviewHandler (C:\\Users\\Eddy Odhiambo\\Downloads\\Projects\\innovasure\\lako-agency\\server\\src\\modules\\accounting\\accounting.controller.ts:109:7)","requestId":"475a48d3-f146-4026-84ca-2ee7fb291ef9","path":"/api/accounting/transactions/27128f2b-45e9-4b08-8a95-41aca3cbb10d/reversal-preview","method":"GET"}
[0mGET /api/accounting/transactions/27128f2b-45e9-4b08-8a95-41aca3cbb10d/reversal-preview?voidSourceRecord=true [31m500[0m 134.617 ms - 534[0m
14:29:22 [[31merror[39m] Unhandled error Finance transaction has no journal entry to reverse {"stack":"Error: Finance transaction has no journal entry to reverse\n    at Object.getFinanceTransactionReversalPreview (C:\\Users\\Eddy Odhiambo\\Downloads\\Projects\\innovasure\\lako-agency\\server\\src\\modules\\accounting\\accounting.service.ts:1333:28)\n    at async financeTransactionReversalPreviewHandler (C:\\Users\\Eddy Odhiambo\\Downloads\\Projects\\innovasure\\lako-agency\\server\\src\\modules\\accounting\\accounting.controller.ts:109:7)","requestId":"cc319731-93b4-452f-93dd-49b3840aea26","path":"/api/accounting/transactions/27128f2b-45e9-4b08-8a95-41aca3cbb10d/reversal-preview","method":"GET"}
[0mGET /api/accounting/transactions/27128f2b-45e9-4b08-8a95-41aca3cbb10d/reversal-preview?voidSourceRecord=false [31m500[0m 16.398 ms - 534[0m
[0mGET /api/accounting/transactions/325afb29-8944-4dee-aad0-19f881bb8899/reversal-preview?voidSourceRecord=true [32m200[0m 103.661 ms - 1315[0m
[0mGET /api/accounting/transactions/9440bc26-d073-4671-96d5-40a5d1d335c6/reversal-preview?voidSourceRecord=true [32m200[0m 58.418 ms - 1488[0m
[0mGET /api/accounting/expenses?limit=100 [32m200[0m 36.272 ms - 6421[0m
[0mGET /api/accounting/expenses?limit=100 [36m304[0m 21.688 ms - -[0m
[0mGET /api/accounting/reconciliation/approvals/pending [36m304[0m 11.334 ms - -[0m
[0mGET /api/accounting/reconciliation/reopen-approvals/pending [36m304[0m 5.598 ms - -[0m
[0mGET /api/accounting/reconciliation/approvals/pending [36m304[0m 6.810 ms - -[0m
[0mGET /api/accounting/reconciliation/reopen-approvals/pending [36m304[0m 6.205 ms - -[0m
[0mGET /api/accounting/reconciliation/statements [36m304[0m 153.429 ms - -[0m
[0mGET /api/accounting/reconciliation/statements [36m304[0m 102.571 ms - -[0m
[0mGET /api/accounting/transactions?limit=200 [32m200[0m 55.671 ms - 185365[0m
